<!DOCTYPE html>
<html>
<head>
  
<meta http-equiv="Content-Type" content="text/html; charset=UTF-8" />

<script src="js/jquery.min.js"></script>
<script src="js/jquery.tablesorter.min.js"></script>
<script src="js/Chart.min.js"></script>
<script src="js/moment.min.js"></script>
<script src="js/bootstrap.min.js"></script>

<link rel="stylesheet" href="css/bootstrap.min.css" type="text/css"/>
<link rel="stylesheet" href="css/cucumber.css" type="text/css"/>
<link rel="stylesheet" href="css/font-awesome.min.css"/>
<link rel="shortcut icon" href="images/favicon.png"/>

<script>
$(document).ready(function() {
    // this will tell tablesorter to try looking for the data-value attribute
    // if present, it'll sort by that instead
    // otherwise, it'll sort by the text content of the table cell
    $("#tablesorter").tablesorter({
        textAttribute: 'data-value',
        // ignores the first row of the header, the 'scenario', 'steps', since
        // sorting those doesn't make sense
        selectorHeaders: '> thead tr:not(.dont-sort) th',
        // use a stable sort
        sortStable: true
    });
});
</script>










  
<title>Cucumber Reports (no 1) - Failures Overview</title>

</head>

<body>

<nav class="navbar navbar-default navbar-fixed-top" id="navigation">
  <div class="container-fluid">
    <div class="collapse navbar-collapse">
      <p class="navbar-text navbar-left">Cucumber Report</p>
      <ul class="nav navbar-nav navbar-right">
                <li role="presentation" ><a href="overview-features.html">Features</a></li>
        <li role="presentation" ><a href="overview-tags.html">Tags</a></li>
        <li role="presentation" ><a href="overview-steps.html">Steps</a></li>
                <li role="presentation"  class="active" ><a href="overview-failures.html">Failures</a></li>
      </ul>
    </div>
  </div>
</nav>


<div class="container-fluid">
  <div class="col-md-5 col-md-offset-1">
    
<table class="table table-bordered" id="build-info">
  <thead>
    <tr>
      <th>Project</th>
              <th>Number</th>
            <th>Date</th>
    </tr>
  </thead>
  <tbody>
    <tr class="info">
      <td>tau-cucumber-java-course</td>
              <td>1</td>
            <td>19 Oct 2020, 12:21</td>
    </tr>
  </tbody>
</table>

  </div>
  <div class="col-md-3 col-md-offset-2">
      </div>
</div>


<div id="report-lead" class="container-fluid">
  <div class="col-md-10 col-md-offset-1">
    <h2>Failures Overview</h2>
          <p>The following summary displays scenarios that failed.</p>
      </div>
</div>

  
<div class="container-fluid">
  <div class="row">
    <div class="col-md-1 col-md-offset-10">
      <i class="fa fa-chevron-circle-down fa-2x collapsable-control"
        onClick="javascript:$('#report .collapsable-details').collapse('show')"></i>
      <i class="fa fa-chevron-circle-up fa-2x collapsable-control"
        onClick="javascript:$('#report .collapsable-details').collapse('hide')"></i>
    </div>
  </div>
</div>


<div class="container-fluid" id="report">
  <div class="row">
    <div class="col-md-10 col-md-offset-1">

              <div class="elements">
                      
<div class="element">
      <div class="indention">
      <b>Feature:</b>
      <a href="report-feature_4002016810.html">Bill Pay Functionality</a>
    </div>
  
  
<div class="tags indention">
  </div>

  
  <span class="lead-duration duration">17.150</span>


    <span data-toggle="collapse" class=" collapsable-control" data-target="#element-1">
    
<div class="brief failed">
  <span class="keyword indention">Scenario</span>
  <span class="name">Bill Pay</span>
  

       <i class="chevron fa fa-fw"></i>
  </div>

  </span>
  <div class="description indention"></div>

  <div id="element-1" class="collapse collapsable-details  in ">
    



    
<div class="steps inner-level">
    <div data-toggle="collapse" class=" collapsable-control" data-target="#steps-2">
    
<div class="brief failed">
  <span class="keyword indention">Steps</span>
  <span class="name"></span>
  

       <i class="chevron fa fa-fw"></i>
  </div>

  </div>

  <div id="steps-2" class="inner-level collapse collapsable-details  in ">
          <div class="step">
        
<div class="brief failed">
  <span class="keyword indention">Given</span>
  <span class="name">I logged in as valid user and navigate to bill pay page</span>
  
  <span class="lead-duration duration">17.149</span>

</div>

        


        

  <div class="inner-level">
    <div class="message indention">
      <div data-toggle="collapse" class=" collapsable-control" data-target="#msg-3">
          <a>org.openqa.selenium.TimeoutException:</a>
      </div>
      <div id="msg-3" class="collapse collapsable-details  in ">
        <pre>org.openqa.selenium.TimeoutException: Expected condition failed: waiting for visibility of element located by By.xpath: //h1[contains(text(),'Accounts Overview')] (tried for 10 second(s) with 500 milliseconds interval)
	at org.openqa.selenium.support.ui.WebDriverWait.timeoutException(WebDriverWait.java:95)
	at org.openqa.selenium.support.ui.FluentWait.until(FluentWait.java:272)
	at com.tau.steps.BillPay.i_logged_in_as_valid_user_and_navigate_to_bill_pay_page(BillPay.java:43)
	at &#10045;.I logged in as valid user and navigate to bill pay page(file:///Users/runner/work/github-actions-testing/github-actions-testing/src/test/resources/BillPay.feature:4)
Caused by: org.openqa.selenium.NoSuchElementException: no such element: Unable to locate element: {&quot;method&quot;:&quot;xpath&quot;,&quot;selector&quot;:&quot;//h1[contains(text(),'Accounts Overview')]&quot;}
  (Session info: headless chrome=85.0.4183.121)
For documentation on this error, please visit: https://www.seleniumhq.org/exceptions/no_such_element.html
Build info: version: '3.141.59', revision: 'e82be7d358', time: '2018-11-14T08:17:03'
System info: host: 'Mac-1603109665903.local', ip: '10.40.0.34', os.name: 'Mac OS X', os.arch: 'x86_64', os.version: '10.15.7', java.version: '1.8.0_265'
Driver info: org.openqa.selenium.chrome.ChromeDriver
Capabilities {acceptInsecureCerts: false, browserName: chrome, browserVersion: 85.0.4183.121, chrome: {chromedriverVersion: 85.0.4183.87 (cd6713ebf92fa..., userDataDir: /var/folders/24/8k48jl6d249...}, goog:chromeOptions: {debuggerAddress: localhost:49370}, javascriptEnabled: true, networkConnectionEnabled: false, pageLoadStrategy: normal, platform: MAC, platformName: MAC, proxy: Proxy(), setWindowRect: true, strictFileInteractability: false, timeouts: {implicit: 0, pageLoad: 300000, script: 30000}, unhandledPromptBehavior: dismiss and notify, webauthn:virtualAuthenticators: true}
Session ID: c823fc81a3412dd40c0beb7374daabf8
*** Element info: {Using=xpath, value=//h1[contains(text(),'Accounts Overview')]}
	at sun.reflect.NativeConstructorAccessorImpl.newInstance0(Native Method)
	at sun.reflect.NativeConstructorAccessorImpl.newInstance(NativeConstructorAccessorImpl.java:62)
	at sun.reflect.DelegatingConstructorAccessorImpl.newInstance(DelegatingConstructorAccessorImpl.java:45)
	at java.lang.reflect.Constructor.newInstance(Constructor.java:423)
	at org.openqa.selenium.remote.http.W3CHttpResponseCodec.createException(W3CHttpResponseCodec.java:187)
	at org.openqa.selenium.remote.http.W3CHttpResponseCodec.decode(W3CHttpResponseCodec.java:122)
	at org.openqa.selenium.remote.http.W3CHttpResponseCodec.decode(W3CHttpResponseCodec.java:49)
	at org.openqa.selenium.remote.HttpCommandExecutor.execute(HttpCommandExecutor.java:158)
	at org.openqa.selenium.remote.service.DriverCommandExecutor.execute(DriverCommandExecutor.java:83)
	at org.openqa.selenium.remote.RemoteWebDriver.execute(RemoteWebDriver.java:552)
	at org.openqa.selenium.remote.RemoteWebDriver.findElement(RemoteWebDriver.java:323)
	at org.openqa.selenium.remote.RemoteWebDriver.findElementByXPath(RemoteWebDriver.java:428)
	at org.openqa.selenium.By$ByXPath.findElement(By.java:353)
	at org.openqa.selenium.remote.RemoteWebDriver.findElement(RemoteWebDriver.java:315)
	at org.openqa.selenium.support.ui.ExpectedConditions$7.apply(ExpectedConditions.java:205)
	at org.openqa.selenium.support.ui.ExpectedConditions$7.apply(ExpectedConditions.java:201)
	at org.openqa.selenium.support.ui.FluentWait.until(FluentWait.java:249)
	at com.tau.steps.BillPay.i_logged_in_as_valid_user_and_navigate_to_bill_pay_page(BillPay.java:43)
	at sun.reflect.NativeMethodAccessorImpl.invoke0(Native Method)
	at sun.reflect.NativeMethodAccessorImpl.invoke(NativeMethodAccessorImpl.java:62)
	at sun.reflect.DelegatingMethodAccessorImpl.invoke(DelegatingMethodAccessorImpl.java:43)
	at java.lang.reflect.Method.invoke(Method.java:498)
	at io.cucumber.java.Invoker.doInvoke(Invoker.java:66)
	at io.cucumber.java.Invoker.invoke(Invoker.java:24)
	at io.cucumber.java.AbstractGlueDefinition.invokeMethod(AbstractGlueDefinition.java:44)
	at io.cucumber.java.JavaStepDefinition.execute(JavaStepDefinition.java:29)
	at io.cucumber.core.runner.PickleStepDefinitionMatch.runStep(PickleStepDefinitionMatch.java:63)
	at io.cucumber.core.runner.TestStep.executeStep(TestStep.java:92)
	at io.cucumber.core.runner.TestStep.run(TestStep.java:63)
	at io.cucumber.core.runner.PickleStepTestStep.run(PickleStepTestStep.java:49)
	at io.cucumber.core.runner.TestCase.run(TestCase.java:98)
	at io.cucumber.core.runner.Runner.runPickle(Runner.java:71)
	at io.cucumber.junit.PickleRunners$NoStepDescriptions.run(PickleRunners.java:140)
	at io.cucumber.junit.FeatureRunner.runChild(FeatureRunner.java:118)
	at io.cucumber.junit.FeatureRunner.runChild(FeatureRunner.java:24)
	at org.junit.runners.ParentRunner$4.run(ParentRunner.java:331)
	at org.junit.runners.ParentRunner$1.schedule(ParentRunner.java:79)
	at org.junit.runners.ParentRunner.runChildren(ParentRunner.java:329)
	at org.junit.runners.ParentRunner.access$100(ParentRunner.java:66)
	at org.junit.runners.ParentRunner$2.evaluate(ParentRunner.java:293)
	at org.junit.runners.ParentRunner$3.evaluate(ParentRunner.java:306)
	at org.junit.runners.ParentRunner.run(ParentRunner.java:413)
	at io.cucumber.junit.Cucumber.runChild(Cucumber.java:192)
	at io.cucumber.junit.Cucumber.runChild(Cucumber.java:88)
	at org.junit.runners.ParentRunner$4.run(ParentRunner.java:331)
	at org.junit.runners.ParentRunner$1.schedule(ParentRunner.java:79)
	at org.junit.runners.ParentRunner.runChildren(ParentRunner.java:329)
	at org.junit.runners.ParentRunner.access$100(ParentRunner.java:66)
	at org.junit.runners.ParentRunner$2.evaluate(ParentRunner.java:293)
	at io.cucumber.junit.Cucumber$RunCucumber.evaluate(Cucumber.java:227)
	at org.junit.runners.ParentRunner$3.evaluate(ParentRunner.java:306)
	at org.junit.runners.ParentRunner.run(ParentRunner.java:413)
	at org.apache.maven.surefire.junit4.JUnit4Provider.execute(JUnit4Provider.java:365)
	at org.apache.maven.surefire.junit4.JUnit4Provider.executeWithRerun(JUnit4Provider.java:273)
	at org.apache.maven.surefire.junit4.JUnit4Provider.executeTestSet(JUnit4Provider.java:238)
	at org.apache.maven.surefire.junit4.JUnit4Provider.invoke(JUnit4Provider.java:159)
	at org.apache.maven.surefire.booter.ForkedBooter.runSuitesInProcess(ForkedBooter.java:377)
	at org.apache.maven.surefire.booter.ForkedBooter.execute(ForkedBooter.java:138)
	at org.apache.maven.surefire.booter.ForkedBooter.run(ForkedBooter.java:465)
	at org.apache.maven.surefire.booter.ForkedBooter.main(ForkedBooter.java:451)
</pre>
      </div>
    </div>
  </div>


        
        

        
        
  
        


      </div>
          <div class="step">
        
<div class="brief skipped">
  <span class="keyword indention">When</span>
  <span class="name">I enter payee and account details</span>
  
  <span class="lead-duration duration">0.001</span>

</div>

        


        


        
        

        
        
  
        


      </div>
          <div class="step">
        
<div class="brief skipped">
  <span class="keyword indention">Then</span>
  <span class="name">I should be able to send payment</span>
  
  <span class="lead-duration duration">0.000</span>

</div>

        


        


        
        

        
        
  
        


      </div>
      </div>
</div>


    


  </div>
</div>

                      
<div class="element">
      <div class="indention">
      <b>Feature:</b>
      <a href="report-feature_1_1033087730.html">Login Functionality</a>
    </div>
  
  
<div class="tags indention">
  </div>

  
  <span class="lead-duration duration">13.348</span>


    <span data-toggle="collapse" class=" collapsable-control" data-target="#element-4">
    
<div class="brief failed">
  <span class="keyword indention">Scenario</span>
  <span class="name">Login Successful</span>
  

       <i class="chevron fa fa-fw"></i>
  </div>

  </span>
  <div class="description indention"></div>

  <div id="element-4" class="collapse collapsable-details  in ">
    



    
<div class="steps inner-level">
    <div data-toggle="collapse" class=" collapsable-control" data-target="#steps-5">
    
<div class="brief failed">
  <span class="keyword indention">Steps</span>
  <span class="name"></span>
  

       <i class="chevron fa fa-fw"></i>
  </div>

  </div>

  <div id="steps-5" class="inner-level collapse collapsable-details  in ">
          <div class="step">
        
<div class="brief passed">
  <span class="keyword indention">Given</span>
  <span class="name">I am on the login page of the Para bank application</span>
  
  <span class="lead-duration duration">2.342</span>

</div>

        


        


        
        

        
        
  
        


      </div>
          <div class="step">
        
<div class="brief passed">
  <span class="keyword indention">When</span>
  <span class="name">I enter valid credentials</span>
  
  <span class="lead-duration duration">0.649</span>

</div>

        


        


        
        

        
        
  
        


      </div>
          <div class="step">
        
<div class="brief failed">
  <span class="keyword indention">Then</span>
  <span class="name">I should be taken to Overview page</span>
  
  <span class="lead-duration duration">10.357</span>

</div>

        


        

  <div class="inner-level">
    <div class="message indention">
      <div data-toggle="collapse" class=" collapsable-control" data-target="#msg-6">
          <a>org.openqa.selenium.TimeoutException:</a>
      </div>
      <div id="msg-6" class="collapse collapsable-details  in ">
        <pre>org.openqa.selenium.TimeoutException: Expected condition failed: waiting for visibility of element located by By.xpath: //h1[contains(text(),'Accounts Overview')] (tried for 10 second(s) with 500 milliseconds interval)
	at org.openqa.selenium.support.ui.WebDriverWait.timeoutException(WebDriverWait.java:95)
	at org.openqa.selenium.support.ui.FluentWait.until(FluentWait.java:272)
	at com.tau.steps.Login.i_should_be_taken_to_Overview_page(Login.java:43)
	at &#10045;.I should be taken to Overview page(file:///Users/runner/work/github-actions-testing/github-actions-testing/src/test/resources/Login.feature:9)
Caused by: org.openqa.selenium.NoSuchElementException: no such element: Unable to locate element: {&quot;method&quot;:&quot;xpath&quot;,&quot;selector&quot;:&quot;//h1[contains(text(),'Accounts Overview')]&quot;}
  (Session info: headless chrome=85.0.4183.121)
For documentation on this error, please visit: https://www.seleniumhq.org/exceptions/no_such_element.html
Build info: version: '3.141.59', revision: 'e82be7d358', time: '2018-11-14T08:17:03'
System info: host: 'Mac-1603109665903.local', ip: '10.40.0.34', os.name: 'Mac OS X', os.arch: 'x86_64', os.version: '10.15.7', java.version: '1.8.0_265'
Driver info: org.openqa.selenium.chrome.ChromeDriver
Capabilities {acceptInsecureCerts: false, browserName: chrome, browserVersion: 85.0.4183.121, chrome: {chromedriverVersion: 85.0.4183.87 (cd6713ebf92fa..., userDataDir: /var/folders/24/8k48jl6d249...}, goog:chromeOptions: {debuggerAddress: localhost:49388}, javascriptEnabled: true, networkConnectionEnabled: false, pageLoadStrategy: normal, platform: MAC, platformName: MAC, proxy: Proxy(), setWindowRect: true, strictFileInteractability: false, timeouts: {implicit: 0, pageLoad: 300000, script: 30000}, unhandledPromptBehavior: dismiss and notify, webauthn:virtualAuthenticators: true}
Session ID: 4891ef0d28d3c8620f1bf311cc1fdee1
*** Element info: {Using=xpath, value=//h1[contains(text(),'Accounts Overview')]}
	at sun.reflect.GeneratedConstructorAccessor13.newInstance(Unknown Source)
	at sun.reflect.DelegatingConstructorAccessorImpl.newInstance(DelegatingConstructorAccessorImpl.java:45)
	at java.lang.reflect.Constructor.newInstance(Constructor.java:423)
	at org.openqa.selenium.remote.http.W3CHttpResponseCodec.createException(W3CHttpResponseCodec.java:187)
	at org.openqa.selenium.remote.http.W3CHttpResponseCodec.decode(W3CHttpResponseCodec.java:122)
	at org.openqa.selenium.remote.http.W3CHttpResponseCodec.decode(W3CHttpResponseCodec.java:49)
	at org.openqa.selenium.remote.HttpCommandExecutor.execute(HttpCommandExecutor.java:158)
	at org.openqa.selenium.remote.service.DriverCommandExecutor.execute(DriverCommandExecutor.java:83)
	at org.openqa.selenium.remote.RemoteWebDriver.execute(RemoteWebDriver.java:552)
	at org.openqa.selenium.remote.RemoteWebDriver.findElement(RemoteWebDriver.java:323)
	at org.openqa.selenium.remote.RemoteWebDriver.findElementByXPath(RemoteWebDriver.java:428)
	at org.openqa.selenium.By$ByXPath.findElement(By.java:353)
	at org.openqa.selenium.remote.RemoteWebDriver.findElement(RemoteWebDriver.java:315)
	at org.openqa.selenium.support.ui.ExpectedConditions$7.apply(ExpectedConditions.java:205)
	at org.openqa.selenium.support.ui.ExpectedConditions$7.apply(ExpectedConditions.java:201)
	at org.openqa.selenium.support.ui.FluentWait.until(FluentWait.java:249)
	at com.tau.steps.Login.i_should_be_taken_to_Overview_page(Login.java:43)
	at sun.reflect.NativeMethodAccessorImpl.invoke0(Native Method)
	at sun.reflect.NativeMethodAccessorImpl.invoke(NativeMethodAccessorImpl.java:62)
	at sun.reflect.DelegatingMethodAccessorImpl.invoke(DelegatingMethodAccessorImpl.java:43)
	at java.lang.reflect.Method.invoke(Method.java:498)
	at io.cucumber.java.Invoker.doInvoke(Invoker.java:66)
	at io.cucumber.java.Invoker.invoke(Invoker.java:24)
	at io.cucumber.java.AbstractGlueDefinition.invokeMethod(AbstractGlueDefinition.java:44)
	at io.cucumber.java.JavaStepDefinition.execute(JavaStepDefinition.java:29)
	at io.cucumber.core.runner.PickleStepDefinitionMatch.runStep(PickleStepDefinitionMatch.java:63)
	at io.cucumber.core.runner.TestStep.executeStep(TestStep.java:92)
	at io.cucumber.core.runner.TestStep.run(TestStep.java:63)
	at io.cucumber.core.runner.PickleStepTestStep.run(PickleStepTestStep.java:49)
	at io.cucumber.core.runner.TestCase.run(TestCase.java:98)
	at io.cucumber.core.runner.Runner.runPickle(Runner.java:71)
	at io.cucumber.junit.PickleRunners$NoStepDescriptions.run(PickleRunners.java:140)
	at io.cucumber.junit.FeatureRunner.runChild(FeatureRunner.java:118)
	at io.cucumber.junit.FeatureRunner.runChild(FeatureRunner.java:24)
	at org.junit.runners.ParentRunner$4.run(ParentRunner.java:331)
	at org.junit.runners.ParentRunner$1.schedule(ParentRunner.java:79)
	at org.junit.runners.ParentRunner.runChildren(ParentRunner.java:329)
	at org.junit.runners.ParentRunner.access$100(ParentRunner.java:66)
	at org.junit.runners.ParentRunner$2.evaluate(ParentRunner.java:293)
	at org.junit.runners.ParentRunner$3.evaluate(ParentRunner.java:306)
	at org.junit.runners.ParentRunner.run(ParentRunner.java:413)
	at io.cucumber.junit.Cucumber.runChild(Cucumber.java:192)
	at io.cucumber.junit.Cucumber.runChild(Cucumber.java:88)
	at org.junit.runners.ParentRunner$4.run(ParentRunner.java:331)
	at org.junit.runners.ParentRunner$1.schedule(ParentRunner.java:79)
	at org.junit.runners.ParentRunner.runChildren(ParentRunner.java:329)
	at org.junit.runners.ParentRunner.access$100(ParentRunner.java:66)
	at org.junit.runners.ParentRunner$2.evaluate(ParentRunner.java:293)
	at io.cucumber.junit.Cucumber$RunCucumber.evaluate(Cucumber.java:227)
	at org.junit.runners.ParentRunner$3.evaluate(ParentRunner.java:306)
	at org.junit.runners.ParentRunner.run(ParentRunner.java:413)
	at org.apache.maven.surefire.junit4.JUnit4Provider.execute(JUnit4Provider.java:365)
	at org.apache.maven.surefire.junit4.JUnit4Provider.executeWithRerun(JUnit4Provider.java:273)
	at org.apache.maven.surefire.junit4.JUnit4Provider.executeTestSet(JUnit4Provider.java:238)
	at org.apache.maven.surefire.junit4.JUnit4Provider.invoke(JUnit4Provider.java:159)
	at org.apache.maven.surefire.booter.ForkedBooter.runSuitesInProcess(ForkedBooter.java:377)
	at org.apache.maven.surefire.booter.ForkedBooter.execute(ForkedBooter.java:138)
	at org.apache.maven.surefire.booter.ForkedBooter.run(ForkedBooter.java:465)
	at org.apache.maven.surefire.booter.ForkedBooter.main(ForkedBooter.java:451)
</pre>
      </div>
    </div>
  </div>


        
        

        
        
  
        


      </div>
      </div>
</div>


    


  </div>
</div>

                      
<div class="element">
      <div class="indention">
      <b>Feature:</b>
      <a href="report-feature_1_1033087730.html">Login Functionality</a>
    </div>
  
  
<div class="tags indention">
  </div>

  
  <span class="lead-duration duration">3.160</span>


    <span data-toggle="collapse" class=" collapsable-control" data-target="#element-7">
    
<div class="brief failed">
  <span class="keyword indention">Scenario</span>
  <span class="name">Login Unsuccessful</span>
  

       <i class="chevron fa fa-fw"></i>
  </div>

  </span>
  <div class="description indention"></div>

  <div id="element-7" class="collapse collapsable-details  in ">
    



    
<div class="steps inner-level">
    <div data-toggle="collapse" class=" collapsable-control" data-target="#steps-8">
    
<div class="brief failed">
  <span class="keyword indention">Steps</span>
  <span class="name"></span>
  

       <i class="chevron fa fa-fw"></i>
  </div>

  </div>

  <div id="steps-8" class="inner-level collapse collapsable-details  in ">
          <div class="step">
        
<div class="brief passed">
  <span class="keyword indention">Given</span>
  <span class="name">I am on the login page of the Para bank application</span>
  
  <span class="lead-duration duration">2.474</span>

</div>

        


        


        
        

        
        
  
        


      </div>
          <div class="step">
        
<div class="brief passed">
  <span class="keyword indention">When</span>
  <span class="name">I enter invalid credentials</span>
  
  <span class="lead-duration duration">0.618</span>

</div>

        


        


        
        

        
        
  
        


      </div>
          <div class="step">
        
<div class="brief failed">
  <span class="keyword indention">Then</span>
  <span class="name">I should see proper error message</span>
  
  <span class="lead-duration duration">0.068</span>

</div>

        


        

  <div class="inner-level">
    <div class="message indention">
      <div data-toggle="collapse" class=" collapsable-control" data-target="#msg-9">
          <a>org.junit.ComparisonFailure:</a>
      </div>
      <div id="msg-9" class="collapse collapsable-details  in ">
        <pre>org.junit.ComparisonFailure: expected:&lt;[The username and password could not be verifi]ed.&gt; but was:&lt;[An internal error has occurred and has been logg]ed.&gt;
	at org.junit.Assert.assertEquals(Assert.java:117)
	at org.junit.Assert.assertEquals(Assert.java:146)
	at com.tau.steps.Login.i_should_see_proper_error_message(Login.java:73)
	at &#10045;.I should see proper error message(file:///Users/runner/work/github-actions-testing/github-actions-testing/src/test/resources/Login.feature:14)
</pre>
      </div>
    </div>
  </div>


        
        

        
        
  
        


      </div>
      </div>
</div>


    


  </div>
</div>

                      
<div class="element">
      <div class="indention">
      <b>Feature:</b>
      <a href="report-feature_2_3986551508.html">Login Functionality With Test Data</a>
    </div>
  
  
<div class="tags indention">
  </div>

  
  <span class="lead-duration duration">15.580</span>


    <span data-toggle="collapse" class=" collapsable-control" data-target="#element-10">
    
<div class="brief failed">
  <span class="keyword indention">Scenario Outline</span>
  <span class="name">Login With Test Data</span>
  

       <i class="chevron fa fa-fw"></i>
  </div>

  </span>
  <div class="description indention"></div>

  <div id="element-10" class="collapse collapsable-details  in ">
    



    
<div class="steps inner-level">
    <div data-toggle="collapse" class=" collapsable-control" data-target="#steps-11">
    
<div class="brief failed">
  <span class="keyword indention">Steps</span>
  <span class="name"></span>
  

       <i class="chevron fa fa-fw"></i>
  </div>

  </div>

  <div id="steps-11" class="inner-level collapse collapsable-details  in ">
          <div class="step">
        
<div class="brief passed">
  <span class="keyword indention">Given</span>
  <span class="name">I am on the login page of the Para bank application</span>
  
  <span class="lead-duration duration">4.460</span>

</div>

        


        


        
        

        
        
  
        


      </div>
          <div class="step">
        
<div class="brief passed">
  <span class="keyword indention">When</span>
  <span class="name">I enter valid <span class="argument">&quot;cucumber-java-111&quot;</span> and <span class="argument">&quot;!Password*&quot;</span></span>
  
  <span class="lead-duration duration">0.537</span>

</div>

        


        


        
        

        
        
  
        


      </div>
          <div class="step">
        
<div class="brief failed">
  <span class="keyword indention">Then</span>
  <span class="name">I should be taken to Overview page</span>
  
  <span class="lead-duration duration">10.583</span>

</div>

        


        

  <div class="inner-level">
    <div class="message indention">
      <div data-toggle="collapse" class=" collapsable-control" data-target="#msg-12">
          <a>org.openqa.selenium.TimeoutException:</a>
      </div>
      <div id="msg-12" class="collapse collapsable-details  in ">
        <pre>org.openqa.selenium.TimeoutException: Expected condition failed: waiting for visibility of element located by By.xpath: //h1[contains(text(),'Accounts Overview')] (tried for 10 second(s) with 500 milliseconds interval)
	at org.openqa.selenium.support.ui.WebDriverWait.timeoutException(WebDriverWait.java:95)
	at org.openqa.selenium.support.ui.FluentWait.until(FluentWait.java:272)
	at com.tau.steps.Login.i_should_be_taken_to_Overview_page(Login.java:43)
	at &#10045;.I should be taken to Overview page(file:///Users/runner/work/github-actions-testing/github-actions-testing/src/test/resources/LoginWithTestData.feature:6)
Caused by: org.openqa.selenium.NoSuchElementException: no such element: Unable to locate element: {&quot;method&quot;:&quot;xpath&quot;,&quot;selector&quot;:&quot;//h1[contains(text(),'Accounts Overview')]&quot;}
  (Session info: headless chrome=85.0.4183.121)
For documentation on this error, please visit: https://www.seleniumhq.org/exceptions/no_such_element.html
Build info: version: '3.141.59', revision: 'e82be7d358', time: '2018-11-14T08:17:03'
System info: host: 'Mac-1603109665903.local', ip: '10.40.0.34', os.name: 'Mac OS X', os.arch: 'x86_64', os.version: '10.15.7', java.version: '1.8.0_265'
Driver info: org.openqa.selenium.chrome.ChromeDriver
Capabilities {acceptInsecureCerts: false, browserName: chrome, browserVersion: 85.0.4183.121, chrome: {chromedriverVersion: 85.0.4183.87 (cd6713ebf92fa..., userDataDir: /var/folders/24/8k48jl6d249...}, goog:chromeOptions: {debuggerAddress: localhost:49419}, javascriptEnabled: true, networkConnectionEnabled: false, pageLoadStrategy: normal, platform: MAC, platformName: MAC, proxy: Proxy(), setWindowRect: true, strictFileInteractability: false, timeouts: {implicit: 0, pageLoad: 300000, script: 30000}, unhandledPromptBehavior: dismiss and notify, webauthn:virtualAuthenticators: true}
Session ID: c9ac23d99e9d014081cfa2d874777413
*** Element info: {Using=xpath, value=//h1[contains(text(),'Accounts Overview')]}
	at sun.reflect.GeneratedConstructorAccessor13.newInstance(Unknown Source)
	at sun.reflect.DelegatingConstructorAccessorImpl.newInstance(DelegatingConstructorAccessorImpl.java:45)
	at java.lang.reflect.Constructor.newInstance(Constructor.java:423)
	at org.openqa.selenium.remote.http.W3CHttpResponseCodec.createException(W3CHttpResponseCodec.java:187)
	at org.openqa.selenium.remote.http.W3CHttpResponseCodec.decode(W3CHttpResponseCodec.java:122)
	at org.openqa.selenium.remote.http.W3CHttpResponseCodec.decode(W3CHttpResponseCodec.java:49)
	at org.openqa.selenium.remote.HttpCommandExecutor.execute(HttpCommandExecutor.java:158)
	at org.openqa.selenium.remote.service.DriverCommandExecutor.execute(DriverCommandExecutor.java:83)
	at org.openqa.selenium.remote.RemoteWebDriver.execute(RemoteWebDriver.java:552)
	at org.openqa.selenium.remote.RemoteWebDriver.findElement(RemoteWebDriver.java:323)
	at org.openqa.selenium.remote.RemoteWebDriver.findElementByXPath(RemoteWebDriver.java:428)
	at org.openqa.selenium.By$ByXPath.findElement(By.java:353)
	at org.openqa.selenium.remote.RemoteWebDriver.findElement(RemoteWebDriver.java:315)
	at org.openqa.selenium.support.ui.ExpectedConditions$7.apply(ExpectedConditions.java:205)
	at org.openqa.selenium.support.ui.ExpectedConditions$7.apply(ExpectedConditions.java:201)
	at org.openqa.selenium.support.ui.FluentWait.until(FluentWait.java:249)
	at com.tau.steps.Login.i_should_be_taken_to_Overview_page(Login.java:43)
	at sun.reflect.NativeMethodAccessorImpl.invoke0(Native Method)
	at sun.reflect.NativeMethodAccessorImpl.invoke(NativeMethodAccessorImpl.java:62)
	at sun.reflect.DelegatingMethodAccessorImpl.invoke(DelegatingMethodAccessorImpl.java:43)
	at java.lang.reflect.Method.invoke(Method.java:498)
	at io.cucumber.java.Invoker.doInvoke(Invoker.java:66)
	at io.cucumber.java.Invoker.invoke(Invoker.java:24)
	at io.cucumber.java.AbstractGlueDefinition.invokeMethod(AbstractGlueDefinition.java:44)
	at io.cucumber.java.JavaStepDefinition.execute(JavaStepDefinition.java:29)
	at io.cucumber.core.runner.PickleStepDefinitionMatch.runStep(PickleStepDefinitionMatch.java:63)
	at io.cucumber.core.runner.TestStep.executeStep(TestStep.java:92)
	at io.cucumber.core.runner.TestStep.run(TestStep.java:63)
	at io.cucumber.core.runner.PickleStepTestStep.run(PickleStepTestStep.java:49)
	at io.cucumber.core.runner.TestCase.run(TestCase.java:98)
	at io.cucumber.core.runner.Runner.runPickle(Runner.java:71)
	at io.cucumber.junit.PickleRunners$NoStepDescriptions.run(PickleRunners.java:140)
	at io.cucumber.junit.FeatureRunner.runChild(FeatureRunner.java:118)
	at io.cucumber.junit.FeatureRunner.runChild(FeatureRunner.java:24)
	at org.junit.runners.ParentRunner$4.run(ParentRunner.java:331)
	at org.junit.runners.ParentRunner$1.schedule(ParentRunner.java:79)
	at org.junit.runners.ParentRunner.runChildren(ParentRunner.java:329)
	at org.junit.runners.ParentRunner.access$100(ParentRunner.java:66)
	at org.junit.runners.ParentRunner$2.evaluate(ParentRunner.java:293)
	at org.junit.runners.ParentRunner$3.evaluate(ParentRunner.java:306)
	at org.junit.runners.ParentRunner.run(ParentRunner.java:413)
	at io.cucumber.junit.Cucumber.runChild(Cucumber.java:192)
	at io.cucumber.junit.Cucumber.runChild(Cucumber.java:88)
	at org.junit.runners.ParentRunner$4.run(ParentRunner.java:331)
	at org.junit.runners.ParentRunner$1.schedule(ParentRunner.java:79)
	at org.junit.runners.ParentRunner.runChildren(ParentRunner.java:329)
	at org.junit.runners.ParentRunner.access$100(ParentRunner.java:66)
	at org.junit.runners.ParentRunner$2.evaluate(ParentRunner.java:293)
	at io.cucumber.junit.Cucumber$RunCucumber.evaluate(Cucumber.java:227)
	at org.junit.runners.ParentRunner$3.evaluate(ParentRunner.java:306)
	at org.junit.runners.ParentRunner.run(ParentRunner.java:413)
	at org.apache.maven.surefire.junit4.JUnit4Provider.execute(JUnit4Provider.java:365)
	at org.apache.maven.surefire.junit4.JUnit4Provider.executeWithRerun(JUnit4Provider.java:273)
	at org.apache.maven.surefire.junit4.JUnit4Provider.executeTestSet(JUnit4Provider.java:238)
	at org.apache.maven.surefire.junit4.JUnit4Provider.invoke(JUnit4Provider.java:159)
	at org.apache.maven.surefire.booter.ForkedBooter.runSuitesInProcess(ForkedBooter.java:377)
	at org.apache.maven.surefire.booter.ForkedBooter.execute(ForkedBooter.java:138)
	at org.apache.maven.surefire.booter.ForkedBooter.run(ForkedBooter.java:465)
	at org.apache.maven.surefire.booter.ForkedBooter.main(ForkedBooter.java:451)
</pre>
      </div>
    </div>
  </div>


        
        

        
        
  
        


      </div>
      </div>
</div>


    


  </div>
</div>

                      
<div class="element">
      <div class="indention">
      <b>Feature:</b>
      <a href="report-feature_2_3986551508.html">Login Functionality With Test Data</a>
    </div>
  
  
<div class="tags indention">
  </div>

  
  <span class="lead-duration duration">13.809</span>


    <span data-toggle="collapse" class=" collapsable-control" data-target="#element-13">
    
<div class="brief failed">
  <span class="keyword indention">Scenario Outline</span>
  <span class="name">Login With Test Data</span>
  

       <i class="chevron fa fa-fw"></i>
  </div>

  </span>
  <div class="description indention"></div>

  <div id="element-13" class="collapse collapsable-details  in ">
    



    
<div class="steps inner-level">
    <div data-toggle="collapse" class=" collapsable-control" data-target="#steps-14">
    
<div class="brief failed">
  <span class="keyword indention">Steps</span>
  <span class="name"></span>
  

       <i class="chevron fa fa-fw"></i>
  </div>

  </div>

  <div id="steps-14" class="inner-level collapse collapsable-details  in ">
          <div class="step">
        
<div class="brief passed">
  <span class="keyword indention">Given</span>
  <span class="name">I am on the login page of the Para bank application</span>
  
  <span class="lead-duration duration">2.767</span>

</div>

        


        


        
        

        
        
  
        


      </div>
          <div class="step">
        
<div class="brief passed">
  <span class="keyword indention">When</span>
  <span class="name">I enter valid <span class="argument">&quot;cucumber-java-222&quot;</span> and <span class="argument">&quot;!Password*&quot;</span></span>
  
  <span class="lead-duration duration">0.522</span>

</div>

        


        


        
        

        
        
  
        


      </div>
          <div class="step">
        
<div class="brief failed">
  <span class="keyword indention">Then</span>
  <span class="name">I should be taken to Overview page</span>
  
  <span class="lead-duration duration">10.520</span>

</div>

        


        

  <div class="inner-level">
    <div class="message indention">
      <div data-toggle="collapse" class=" collapsable-control" data-target="#msg-15">
          <a>org.openqa.selenium.TimeoutException:</a>
      </div>
      <div id="msg-15" class="collapse collapsable-details  in ">
        <pre>org.openqa.selenium.TimeoutException: Expected condition failed: waiting for visibility of element located by By.xpath: //h1[contains(text(),'Accounts Overview')] (tried for 10 second(s) with 500 milliseconds interval)
	at org.openqa.selenium.support.ui.WebDriverWait.timeoutException(WebDriverWait.java:95)
	at org.openqa.selenium.support.ui.FluentWait.until(FluentWait.java:272)
	at com.tau.steps.Login.i_should_be_taken_to_Overview_page(Login.java:43)
	at &#10045;.I should be taken to Overview page(file:///Users/runner/work/github-actions-testing/github-actions-testing/src/test/resources/LoginWithTestData.feature:6)
Caused by: org.openqa.selenium.NoSuchElementException: no such element: Unable to locate element: {&quot;method&quot;:&quot;xpath&quot;,&quot;selector&quot;:&quot;//h1[contains(text(),'Accounts Overview')]&quot;}
  (Session info: headless chrome=85.0.4183.121)
For documentation on this error, please visit: https://www.seleniumhq.org/exceptions/no_such_element.html
Build info: version: '3.141.59', revision: 'e82be7d358', time: '2018-11-14T08:17:03'
System info: host: 'Mac-1603109665903.local', ip: '10.40.0.34', os.name: 'Mac OS X', os.arch: 'x86_64', os.version: '10.15.7', java.version: '1.8.0_265'
Driver info: org.openqa.selenium.chrome.ChromeDriver
Capabilities {acceptInsecureCerts: false, browserName: chrome, browserVersion: 85.0.4183.121, chrome: {chromedriverVersion: 85.0.4183.87 (cd6713ebf92fa..., userDataDir: /var/folders/24/8k48jl6d249...}, goog:chromeOptions: {debuggerAddress: localhost:49435}, javascriptEnabled: true, networkConnectionEnabled: false, pageLoadStrategy: normal, platform: MAC, platformName: MAC, proxy: Proxy(), setWindowRect: true, strictFileInteractability: false, timeouts: {implicit: 0, pageLoad: 300000, script: 30000}, unhandledPromptBehavior: dismiss and notify, webauthn:virtualAuthenticators: true}
Session ID: ad3047bf23ffb816e9475bebd31afe6e
*** Element info: {Using=xpath, value=//h1[contains(text(),'Accounts Overview')]}
	at sun.reflect.GeneratedConstructorAccessor13.newInstance(Unknown Source)
	at sun.reflect.DelegatingConstructorAccessorImpl.newInstance(DelegatingConstructorAccessorImpl.java:45)
	at java.lang.reflect.Constructor.newInstance(Constructor.java:423)
	at org.openqa.selenium.remote.http.W3CHttpResponseCodec.createException(W3CHttpResponseCodec.java:187)
	at org.openqa.selenium.remote.http.W3CHttpResponseCodec.decode(W3CHttpResponseCodec.java:122)
	at org.openqa.selenium.remote.http.W3CHttpResponseCodec.decode(W3CHttpResponseCodec.java:49)
	at org.openqa.selenium.remote.HttpCommandExecutor.execute(HttpCommandExecutor.java:158)
	at org.openqa.selenium.remote.service.DriverCommandExecutor.execute(DriverCommandExecutor.java:83)
	at org.openqa.selenium.remote.RemoteWebDriver.execute(RemoteWebDriver.java:552)
	at org.openqa.selenium.remote.RemoteWebDriver.findElement(RemoteWebDriver.java:323)
	at org.openqa.selenium.remote.RemoteWebDriver.findElementByXPath(RemoteWebDriver.java:428)
	at org.openqa.selenium.By$ByXPath.findElement(By.java:353)
	at org.openqa.selenium.remote.RemoteWebDriver.findElement(RemoteWebDriver.java:315)
	at org.openqa.selenium.support.ui.ExpectedConditions$7.apply(ExpectedConditions.java:205)
	at org.openqa.selenium.support.ui.ExpectedConditions$7.apply(ExpectedConditions.java:201)
	at org.openqa.selenium.support.ui.FluentWait.until(FluentWait.java:249)
	at com.tau.steps.Login.i_should_be_taken_to_Overview_page(Login.java:43)
	at sun.reflect.NativeMethodAccessorImpl.invoke0(Native Method)
	at sun.reflect.NativeMethodAccessorImpl.invoke(NativeMethodAccessorImpl.java:62)
	at sun.reflect.DelegatingMethodAccessorImpl.invoke(DelegatingMethodAccessorImpl.java:43)
	at java.lang.reflect.Method.invoke(Method.java:498)
	at io.cucumber.java.Invoker.doInvoke(Invoker.java:66)
	at io.cucumber.java.Invoker.invoke(Invoker.java:24)
	at io.cucumber.java.AbstractGlueDefinition.invokeMethod(AbstractGlueDefinition.java:44)
	at io.cucumber.java.JavaStepDefinition.execute(JavaStepDefinition.java:29)
	at io.cucumber.core.runner.PickleStepDefinitionMatch.runStep(PickleStepDefinitionMatch.java:63)
	at io.cucumber.core.runner.TestStep.executeStep(TestStep.java:92)
	at io.cucumber.core.runner.TestStep.run(TestStep.java:63)
	at io.cucumber.core.runner.PickleStepTestStep.run(PickleStepTestStep.java:49)
	at io.cucumber.core.runner.TestCase.run(TestCase.java:98)
	at io.cucumber.core.runner.Runner.runPickle(Runner.java:71)
	at io.cucumber.junit.PickleRunners$NoStepDescriptions.run(PickleRunners.java:140)
	at io.cucumber.junit.FeatureRunner.runChild(FeatureRunner.java:118)
	at io.cucumber.junit.FeatureRunner.runChild(FeatureRunner.java:24)
	at org.junit.runners.ParentRunner$4.run(ParentRunner.java:331)
	at org.junit.runners.ParentRunner$1.schedule(ParentRunner.java:79)
	at org.junit.runners.ParentRunner.runChildren(ParentRunner.java:329)
	at org.junit.runners.ParentRunner.access$100(ParentRunner.java:66)
	at org.junit.runners.ParentRunner$2.evaluate(ParentRunner.java:293)
	at org.junit.runners.ParentRunner$3.evaluate(ParentRunner.java:306)
	at org.junit.runners.ParentRunner.run(ParentRunner.java:413)
	at io.cucumber.junit.Cucumber.runChild(Cucumber.java:192)
	at io.cucumber.junit.Cucumber.runChild(Cucumber.java:88)
	at org.junit.runners.ParentRunner$4.run(ParentRunner.java:331)
	at org.junit.runners.ParentRunner$1.schedule(ParentRunner.java:79)
	at org.junit.runners.ParentRunner.runChildren(ParentRunner.java:329)
	at org.junit.runners.ParentRunner.access$100(ParentRunner.java:66)
	at org.junit.runners.ParentRunner$2.evaluate(ParentRunner.java:293)
	at io.cucumber.junit.Cucumber$RunCucumber.evaluate(Cucumber.java:227)
	at org.junit.runners.ParentRunner$3.evaluate(ParentRunner.java:306)
	at org.junit.runners.ParentRunner.run(ParentRunner.java:413)
	at org.apache.maven.surefire.junit4.JUnit4Provider.execute(JUnit4Provider.java:365)
	at org.apache.maven.surefire.junit4.JUnit4Provider.executeWithRerun(JUnit4Provider.java:273)
	at org.apache.maven.surefire.junit4.JUnit4Provider.executeTestSet(JUnit4Provider.java:238)
	at org.apache.maven.surefire.junit4.JUnit4Provider.invoke(JUnit4Provider.java:159)
	at org.apache.maven.surefire.booter.ForkedBooter.runSuitesInProcess(ForkedBooter.java:377)
	at org.apache.maven.surefire.booter.ForkedBooter.execute(ForkedBooter.java:138)
	at org.apache.maven.surefire.booter.ForkedBooter.run(ForkedBooter.java:465)
	at org.apache.maven.surefire.booter.ForkedBooter.main(ForkedBooter.java:451)
</pre>
      </div>
    </div>
  </div>


        
        

        
        
  
        


      </div>
      </div>
</div>


    


  </div>
</div>

                      
<div class="element">
      <div class="indention">
      <b>Feature:</b>
      <a href="report-feature_2_3986551508.html">Login Functionality With Test Data</a>
    </div>
  
  
<div class="tags indention">
  </div>

  
  <span class="lead-duration duration">15.668</span>


    <span data-toggle="collapse" class=" collapsable-control" data-target="#element-16">
    
<div class="brief failed">
  <span class="keyword indention">Scenario Outline</span>
  <span class="name">Login With Test Data</span>
  

       <i class="chevron fa fa-fw"></i>
  </div>

  </span>
  <div class="description indention"></div>

  <div id="element-16" class="collapse collapsable-details  in ">
    



    
<div class="steps inner-level">
    <div data-toggle="collapse" class=" collapsable-control" data-target="#steps-17">
    
<div class="brief failed">
  <span class="keyword indention">Steps</span>
  <span class="name"></span>
  

       <i class="chevron fa fa-fw"></i>
  </div>

  </div>

  <div id="steps-17" class="inner-level collapse collapsable-details  in ">
          <div class="step">
        
<div class="brief passed">
  <span class="keyword indention">Given</span>
  <span class="name">I am on the login page of the Para bank application</span>
  
  <span class="lead-duration duration">4.644</span>

</div>

        


        


        
        

        
        
  
        


      </div>
          <div class="step">
        
<div class="brief passed">
  <span class="keyword indention">When</span>
  <span class="name">I enter valid <span class="argument">&quot;cucumber-java-333&quot;</span> and <span class="argument">&quot;!Password*&quot;</span></span>
  
  <span class="lead-duration duration">0.497</span>

</div>

        


        


        
        

        
        
  
        


      </div>
          <div class="step">
        
<div class="brief failed">
  <span class="keyword indention">Then</span>
  <span class="name">I should be taken to Overview page</span>
  
  <span class="lead-duration duration">10.527</span>

</div>

        


        

  <div class="inner-level">
    <div class="message indention">
      <div data-toggle="collapse" class=" collapsable-control" data-target="#msg-18">
          <a>org.openqa.selenium.TimeoutException:</a>
      </div>
      <div id="msg-18" class="collapse collapsable-details  in ">
        <pre>org.openqa.selenium.TimeoutException: Expected condition failed: waiting for visibility of element located by By.xpath: //h1[contains(text(),'Accounts Overview')] (tried for 10 second(s) with 500 milliseconds interval)
	at org.openqa.selenium.support.ui.WebDriverWait.timeoutException(WebDriverWait.java:95)
	at org.openqa.selenium.support.ui.FluentWait.until(FluentWait.java:272)
	at com.tau.steps.Login.i_should_be_taken_to_Overview_page(Login.java:43)
	at &#10045;.I should be taken to Overview page(file:///Users/runner/work/github-actions-testing/github-actions-testing/src/test/resources/LoginWithTestData.feature:6)
Caused by: org.openqa.selenium.NoSuchElementException: no such element: Unable to locate element: {&quot;method&quot;:&quot;xpath&quot;,&quot;selector&quot;:&quot;//h1[contains(text(),'Accounts Overview')]&quot;}
  (Session info: headless chrome=85.0.4183.121)
For documentation on this error, please visit: https://www.seleniumhq.org/exceptions/no_such_element.html
Build info: version: '3.141.59', revision: 'e82be7d358', time: '2018-11-14T08:17:03'
System info: host: 'Mac-1603109665903.local', ip: '10.40.0.34', os.name: 'Mac OS X', os.arch: 'x86_64', os.version: '10.15.7', java.version: '1.8.0_265'
Driver info: org.openqa.selenium.chrome.ChromeDriver
Capabilities {acceptInsecureCerts: false, browserName: chrome, browserVersion: 85.0.4183.121, chrome: {chromedriverVersion: 85.0.4183.87 (cd6713ebf92fa..., userDataDir: /var/folders/24/8k48jl6d249...}, goog:chromeOptions: {debuggerAddress: localhost:49450}, javascriptEnabled: true, networkConnectionEnabled: false, pageLoadStrategy: normal, platform: MAC, platformName: MAC, proxy: Proxy(), setWindowRect: true, strictFileInteractability: false, timeouts: {implicit: 0, pageLoad: 300000, script: 30000}, unhandledPromptBehavior: dismiss and notify, webauthn:virtualAuthenticators: true}
Session ID: e8aeef05dc37795bc4f34c993ed16021
*** Element info: {Using=xpath, value=//h1[contains(text(),'Accounts Overview')]}
	at sun.reflect.GeneratedConstructorAccessor13.newInstance(Unknown Source)
	at sun.reflect.DelegatingConstructorAccessorImpl.newInstance(DelegatingConstructorAccessorImpl.java:45)
	at java.lang.reflect.Constructor.newInstance(Constructor.java:423)
	at org.openqa.selenium.remote.http.W3CHttpResponseCodec.createException(W3CHttpResponseCodec.java:187)
	at org.openqa.selenium.remote.http.W3CHttpResponseCodec.decode(W3CHttpResponseCodec.java:122)
	at org.openqa.selenium.remote.http.W3CHttpResponseCodec.decode(W3CHttpResponseCodec.java:49)
	at org.openqa.selenium.remote.HttpCommandExecutor.execute(HttpCommandExecutor.java:158)
	at org.openqa.selenium.remote.service.DriverCommandExecutor.execute(DriverCommandExecutor.java:83)
	at org.openqa.selenium.remote.RemoteWebDriver.execute(RemoteWebDriver.java:552)
	at org.openqa.selenium.remote.RemoteWebDriver.findElement(RemoteWebDriver.java:323)
	at org.openqa.selenium.remote.RemoteWebDriver.findElementByXPath(RemoteWebDriver.java:428)
	at org.openqa.selenium.By$ByXPath.findElement(By.java:353)
	at org.openqa.selenium.remote.RemoteWebDriver.findElement(RemoteWebDriver.java:315)
	at org.openqa.selenium.support.ui.ExpectedConditions$7.apply(ExpectedConditions.java:205)
	at org.openqa.selenium.support.ui.ExpectedConditions$7.apply(ExpectedConditions.java:201)
	at org.openqa.selenium.support.ui.FluentWait.until(FluentWait.java:249)
	at com.tau.steps.Login.i_should_be_taken_to_Overview_page(Login.java:43)
	at sun.reflect.NativeMethodAccessorImpl.invoke0(Native Method)
	at sun.reflect.NativeMethodAccessorImpl.invoke(NativeMethodAccessorImpl.java:62)
	at sun.reflect.DelegatingMethodAccessorImpl.invoke(DelegatingMethodAccessorImpl.java:43)
	at java.lang.reflect.Method.invoke(Method.java:498)
	at io.cucumber.java.Invoker.doInvoke(Invoker.java:66)
	at io.cucumber.java.Invoker.invoke(Invoker.java:24)
	at io.cucumber.java.AbstractGlueDefinition.invokeMethod(AbstractGlueDefinition.java:44)
	at io.cucumber.java.JavaStepDefinition.execute(JavaStepDefinition.java:29)
	at io.cucumber.core.runner.PickleStepDefinitionMatch.runStep(PickleStepDefinitionMatch.java:63)
	at io.cucumber.core.runner.TestStep.executeStep(TestStep.java:92)
	at io.cucumber.core.runner.TestStep.run(TestStep.java:63)
	at io.cucumber.core.runner.PickleStepTestStep.run(PickleStepTestStep.java:49)
	at io.cucumber.core.runner.TestCase.run(TestCase.java:98)
	at io.cucumber.core.runner.Runner.runPickle(Runner.java:71)
	at io.cucumber.junit.PickleRunners$NoStepDescriptions.run(PickleRunners.java:140)
	at io.cucumber.junit.FeatureRunner.runChild(FeatureRunner.java:118)
	at io.cucumber.junit.FeatureRunner.runChild(FeatureRunner.java:24)
	at org.junit.runners.ParentRunner$4.run(ParentRunner.java:331)
	at org.junit.runners.ParentRunner$1.schedule(ParentRunner.java:79)
	at org.junit.runners.ParentRunner.runChildren(ParentRunner.java:329)
	at org.junit.runners.ParentRunner.access$100(ParentRunner.java:66)
	at org.junit.runners.ParentRunner$2.evaluate(ParentRunner.java:293)
	at org.junit.runners.ParentRunner$3.evaluate(ParentRunner.java:306)
	at org.junit.runners.ParentRunner.run(ParentRunner.java:413)
	at io.cucumber.junit.Cucumber.runChild(Cucumber.java:192)
	at io.cucumber.junit.Cucumber.runChild(Cucumber.java:88)
	at org.junit.runners.ParentRunner$4.run(ParentRunner.java:331)
	at org.junit.runners.ParentRunner$1.schedule(ParentRunner.java:79)
	at org.junit.runners.ParentRunner.runChildren(ParentRunner.java:329)
	at org.junit.runners.ParentRunner.access$100(ParentRunner.java:66)
	at org.junit.runners.ParentRunner$2.evaluate(ParentRunner.java:293)
	at io.cucumber.junit.Cucumber$RunCucumber.evaluate(Cucumber.java:227)
	at org.junit.runners.ParentRunner$3.evaluate(ParentRunner.java:306)
	at org.junit.runners.ParentRunner.run(ParentRunner.java:413)
	at org.apache.maven.surefire.junit4.JUnit4Provider.execute(JUnit4Provider.java:365)
	at org.apache.maven.surefire.junit4.JUnit4Provider.executeWithRerun(JUnit4Provider.java:273)
	at org.apache.maven.surefire.junit4.JUnit4Provider.executeTestSet(JUnit4Provider.java:238)
	at org.apache.maven.surefire.junit4.JUnit4Provider.invoke(JUnit4Provider.java:159)
	at org.apache.maven.surefire.booter.ForkedBooter.runSuitesInProcess(ForkedBooter.java:377)
	at org.apache.maven.surefire.booter.ForkedBooter.execute(ForkedBooter.java:138)
	at org.apache.maven.surefire.booter.ForkedBooter.run(ForkedBooter.java:465)
	at org.apache.maven.surefire.booter.ForkedBooter.main(ForkedBooter.java:451)
</pre>
      </div>
    </div>
  </div>


        
        

        
        
  
        


      </div>
      </div>
</div>


    


  </div>
</div>

                      
<div class="element">
      <div class="indention">
      <b>Feature:</b>
      <a href="report-feature_3_2704260892.html">Open New Account Functionality</a>
    </div>
  
  
<div class="tags indention">
  </div>

  
  <span class="lead-duration duration">13.568</span>


    <span data-toggle="collapse" class=" collapsable-control" data-target="#element-19">
    
<div class="brief failed">
  <span class="keyword indention">Scenario</span>
  <span class="name">Open New Account</span>
  

       <i class="chevron fa fa-fw"></i>
  </div>

  </span>
  <div class="description indention"></div>

  <div id="element-19" class="collapse collapsable-details  in ">
    



    
<div class="steps inner-level">
    <div data-toggle="collapse" class=" collapsable-control" data-target="#steps-20">
    
<div class="brief failed">
  <span class="keyword indention">Steps</span>
  <span class="name"></span>
  

       <i class="chevron fa fa-fw"></i>
  </div>

  </div>

  <div id="steps-20" class="inner-level collapse collapsable-details  in ">
          <div class="step">
        
<div class="brief failed">
  <span class="keyword indention">Given</span>
  <span class="name">I logged in as valid user</span>
  
  <span class="lead-duration duration">13.567</span>

</div>

        


        

  <div class="inner-level">
    <div class="message indention">
      <div data-toggle="collapse" class=" collapsable-control" data-target="#msg-21">
          <a>org.openqa.selenium.TimeoutException:</a>
      </div>
      <div id="msg-21" class="collapse collapsable-details  in ">
        <pre>org.openqa.selenium.TimeoutException: Expected condition failed: waiting for visibility of element located by By.xpath: //h1[contains(text(),'Accounts Overview')] (tried for 10 second(s) with 500 milliseconds interval)
	at org.openqa.selenium.support.ui.WebDriverWait.timeoutException(WebDriverWait.java:95)
	at org.openqa.selenium.support.ui.FluentWait.until(FluentWait.java:272)
	at com.tau.steps.OpenNewAccount.i_logged_in_as_valid_user(OpenNewAccount.java:42)
	at &#10045;.I logged in as valid user(file:///Users/runner/work/github-actions-testing/github-actions-testing/src/test/resources/OpenNewAccount.feature:6)
Caused by: org.openqa.selenium.NoSuchElementException: no such element: Unable to locate element: {&quot;method&quot;:&quot;xpath&quot;,&quot;selector&quot;:&quot;//h1[contains(text(),'Accounts Overview')]&quot;}
  (Session info: headless chrome=85.0.4183.121)
For documentation on this error, please visit: https://www.seleniumhq.org/exceptions/no_such_element.html
Build info: version: '3.141.59', revision: 'e82be7d358', time: '2018-11-14T08:17:03'
System info: host: 'Mac-1603109665903.local', ip: '10.40.0.34', os.name: 'Mac OS X', os.arch: 'x86_64', os.version: '10.15.7', java.version: '1.8.0_265'
Driver info: org.openqa.selenium.chrome.ChromeDriver
Capabilities {acceptInsecureCerts: false, browserName: chrome, browserVersion: 85.0.4183.121, chrome: {chromedriverVersion: 85.0.4183.87 (cd6713ebf92fa..., userDataDir: /var/folders/24/8k48jl6d249...}, goog:chromeOptions: {debuggerAddress: localhost:49469}, javascriptEnabled: true, networkConnectionEnabled: false, pageLoadStrategy: normal, platform: MAC, platformName: MAC, proxy: Proxy(), setWindowRect: true, strictFileInteractability: false, timeouts: {implicit: 0, pageLoad: 300000, script: 30000}, unhandledPromptBehavior: dismiss and notify, webauthn:virtualAuthenticators: true}
Session ID: 207297a2a67107fa45572f8b4ed07b11
*** Element info: {Using=xpath, value=//h1[contains(text(),'Accounts Overview')]}
	at sun.reflect.GeneratedConstructorAccessor13.newInstance(Unknown Source)
	at sun.reflect.DelegatingConstructorAccessorImpl.newInstance(DelegatingConstructorAccessorImpl.java:45)
	at java.lang.reflect.Constructor.newInstance(Constructor.java:423)
	at org.openqa.selenium.remote.http.W3CHttpResponseCodec.createException(W3CHttpResponseCodec.java:187)
	at org.openqa.selenium.remote.http.W3CHttpResponseCodec.decode(W3CHttpResponseCodec.java:122)
	at org.openqa.selenium.remote.http.W3CHttpResponseCodec.decode(W3CHttpResponseCodec.java:49)
	at org.openqa.selenium.remote.HttpCommandExecutor.execute(HttpCommandExecutor.java:158)
	at org.openqa.selenium.remote.service.DriverCommandExecutor.execute(DriverCommandExecutor.java:83)
	at org.openqa.selenium.remote.RemoteWebDriver.execute(RemoteWebDriver.java:552)
	at org.openqa.selenium.remote.RemoteWebDriver.findElement(RemoteWebDriver.java:323)
	at org.openqa.selenium.remote.RemoteWebDriver.findElementByXPath(RemoteWebDriver.java:428)
	at org.openqa.selenium.By$ByXPath.findElement(By.java:353)
	at org.openqa.selenium.remote.RemoteWebDriver.findElement(RemoteWebDriver.java:315)
	at org.openqa.selenium.support.ui.ExpectedConditions$7.apply(ExpectedConditions.java:205)
	at org.openqa.selenium.support.ui.ExpectedConditions$7.apply(ExpectedConditions.java:201)
	at org.openqa.selenium.support.ui.FluentWait.until(FluentWait.java:249)
	at com.tau.steps.OpenNewAccount.i_logged_in_as_valid_user(OpenNewAccount.java:42)
	at sun.reflect.NativeMethodAccessorImpl.invoke0(Native Method)
	at sun.reflect.NativeMethodAccessorImpl.invoke(NativeMethodAccessorImpl.java:62)
	at sun.reflect.DelegatingMethodAccessorImpl.invoke(DelegatingMethodAccessorImpl.java:43)
	at java.lang.reflect.Method.invoke(Method.java:498)
	at io.cucumber.java.Invoker.doInvoke(Invoker.java:66)
	at io.cucumber.java.Invoker.invoke(Invoker.java:24)
	at io.cucumber.java.AbstractGlueDefinition.invokeMethod(AbstractGlueDefinition.java:44)
	at io.cucumber.java.JavaStepDefinition.execute(JavaStepDefinition.java:29)
	at io.cucumber.core.runner.PickleStepDefinitionMatch.runStep(PickleStepDefinitionMatch.java:63)
	at io.cucumber.core.runner.TestStep.executeStep(TestStep.java:92)
	at io.cucumber.core.runner.TestStep.run(TestStep.java:63)
	at io.cucumber.core.runner.PickleStepTestStep.run(PickleStepTestStep.java:49)
	at io.cucumber.core.runner.TestCase.run(TestCase.java:98)
	at io.cucumber.core.runner.Runner.runPickle(Runner.java:71)
	at io.cucumber.junit.PickleRunners$NoStepDescriptions.run(PickleRunners.java:140)
	at io.cucumber.junit.FeatureRunner.runChild(FeatureRunner.java:118)
	at io.cucumber.junit.FeatureRunner.runChild(FeatureRunner.java:24)
	at org.junit.runners.ParentRunner$4.run(ParentRunner.java:331)
	at org.junit.runners.ParentRunner$1.schedule(ParentRunner.java:79)
	at org.junit.runners.ParentRunner.runChildren(ParentRunner.java:329)
	at org.junit.runners.ParentRunner.access$100(ParentRunner.java:66)
	at org.junit.runners.ParentRunner$2.evaluate(ParentRunner.java:293)
	at org.junit.runners.ParentRunner$3.evaluate(ParentRunner.java:306)
	at org.junit.runners.ParentRunner.run(ParentRunner.java:413)
	at io.cucumber.junit.Cucumber.runChild(Cucumber.java:192)
	at io.cucumber.junit.Cucumber.runChild(Cucumber.java:88)
	at org.junit.runners.ParentRunner$4.run(ParentRunner.java:331)
	at org.junit.runners.ParentRunner$1.schedule(ParentRunner.java:79)
	at org.junit.runners.ParentRunner.runChildren(ParentRunner.java:329)
	at org.junit.runners.ParentRunner.access$100(ParentRunner.java:66)
	at org.junit.runners.ParentRunner$2.evaluate(ParentRunner.java:293)
	at io.cucumber.junit.Cucumber$RunCucumber.evaluate(Cucumber.java:227)
	at org.junit.runners.ParentRunner$3.evaluate(ParentRunner.java:306)
	at org.junit.runners.ParentRunner.run(ParentRunner.java:413)
	at org.apache.maven.surefire.junit4.JUnit4Provider.execute(JUnit4Provider.java:365)
	at org.apache.maven.surefire.junit4.JUnit4Provider.executeWithRerun(JUnit4Provider.java:273)
	at org.apache.maven.surefire.junit4.JUnit4Provider.executeTestSet(JUnit4Provider.java:238)
	at org.apache.maven.surefire.junit4.JUnit4Provider.invoke(JUnit4Provider.java:159)
	at org.apache.maven.surefire.booter.ForkedBooter.runSuitesInProcess(ForkedBooter.java:377)
	at org.apache.maven.surefire.booter.ForkedBooter.execute(ForkedBooter.java:138)
	at org.apache.maven.surefire.booter.ForkedBooter.run(ForkedBooter.java:465)
	at org.apache.maven.surefire.booter.ForkedBooter.main(ForkedBooter.java:451)
</pre>
      </div>
    </div>
  </div>


        
        

        
        
  
        


      </div>
          <div class="step">
        
<div class="brief skipped">
  <span class="keyword indention">And</span>
  <span class="name">I navigate to open new account page</span>
  
  <span class="lead-duration duration">0.000</span>

</div>

        


        


        
        

        
        
  
        


      </div>
          <div class="step">
        
<div class="brief skipped">
  <span class="keyword indention">When</span>
  <span class="name">I enter account type and existing account details</span>
  
  <span class="lead-duration duration">0.000</span>

</div>

        


        


        
        

        
        
  
        


      </div>
          <div class="step">
        
<div class="brief skipped">
  <span class="keyword indention">Then</span>
  <span class="name">I should be able to open new account</span>
  
  <span class="lead-duration duration">0.001</span>

</div>

        


        


        
        

        
        
  
        


      </div>
          <div class="step">
        
<div class="brief skipped">
  <span class="keyword indention">And</span>
  <span class="name">After selecting an account number account details should be displayed</span>
  
  <span class="lead-duration duration">0.000</span>

</div>

        


        


        
        

        
        
  
        


      </div>
      </div>
</div>


    


  </div>
</div>

                  </div>
      
    </div>
  </div>
</div>

  
<div class="container-fluid">
  <div class="row">
    <div class="col-md-1 col-md-offset-10">
      <i class="fa fa-chevron-circle-down fa-2x collapsable-control"
        onClick="javascript:$('#report .collapsable-details').collapse('show')"></i>
      <i class="fa fa-chevron-circle-up fa-2x collapsable-control"
        onClick="javascript:$('#report .collapsable-details').collapse('hide')"></i>
    </div>
  </div>
</div>

<br/>

<nav class="navbar navbar-default" id="footer">
  <div class="container-fluid">
    <p class="navbar-text navbar-right">
        <small>generate Cucumber HTML reports via:&nbsp;</small>
        <a class="navbar-link" href="https://github.com/jenkinsci/cucumber-reports-plugin">Jenkins Plugin</a> |
        <a class="navbar-link" href="https://github.com/damianszczepanik/cucumber-reporting">Standalone</a> |
        <a class="navbar-link" href="https://github.com/damianszczepanik/cucumber-sandwich">Sandwich</a> |
        <a class="navbar-link" href="https://github.com/damianszczepanik/maven-cucumber-reporting">Maven</a>
        &nbsp;&nbsp;
    </p>
  </div>
</nav>

</body>
</html>
